# JRE version: OpenJDK Runtime Environment (17.0.2+8) (build 17.0.2+8-1)
# Java VM: OpenJDK 64-Bit Server VM (17.0.2+8-1, mixed mode, sharing, tiered, compressed oops, compressed class ptrs, g1 gc, bsd-amd64)
GC Precious Log:
 CPUs: 16 total, 16 available
 Memory: 127G
 Large Page Support: Disabled
 NUMA Support: Disabled
 Compressed Oops: Enabled (Non-zero based)
 Heap Region Size: 1M
 Heap Min Capacity: 256M
 Heap Initial Capacity: 256M
 Heap Max Capacity: 1G
 Pre-touch: Disabled
 Parallel Workers: 13
 Concurrent Workers: 3
 Concurrent Refinement Workers: 13
 Periodic GC: Disabled
Heap:
 garbage-first heap   total 262144K, used 165395K [0x00001312efa00000, 0x000013132fa00000)
  region size 1024K, 110 young (112640K), 13 survivors (13312K)
 Metaspace       used 76932K, committed 77824K, reserved 180224K
  class space    used 10723K, committed 11136K, reserved 106496K
GC Heap History (20 events):
Event: 27,261 GC heap before
{Heap before GC invocations=4 (full 0):
 garbage-first heap   total 262144K, used 136564K [0x00001312efa00000, 0x000013132fa00000)
  region size 1024K, 123 young (125952K), 12 survivors (12288K)
 Metaspace       used 35699K, committed 36096K, reserved 139264K
  class space    used 5065K, committed 5248K, reserved 106496K
}
Event: 27,271 GC heap after
{Heap after GC invocations=5 (full 0):
 garbage-first heap   total 262144K, used 30218K [0x00001312efa00000, 0x000013132fa00000)
  region size 1024K, 14 young (14336K), 14 survivors (14336K)
 Metaspace       used 35699K, committed 36096K, reserved 139264K
  class space    used 5065K, committed 5248K, reserved 106496K
}
Event: 48,450 GC heap before
{Heap before GC invocations=6 (full 0):
 garbage-first heap   total 262144K, used 176650K [0x00001312efa00000, 0x000013132fa00000)
  region size 1024K, 153 young (156672K), 14 survivors (14336K)
 Metaspace       used 47568K, committed 48128K, reserved 155648K
  class space    used 6825K, committed 7104K, reserved 106496K
}
Event: 48,463 GC heap after
{Heap after GC invocations=7 (full 0):
 garbage-first heap   total 262144K, used 39708K [0x00001312efa00000, 0x000013132fa00000)
  region size 1024K, 17 young (17408K), 17 survivors (17408K)
 Metaspace       used 47568K, committed 48128K, reserved 155648K
  class space    used 6825K, committed 7104K, reserved 106496K
}
Event: 60,753 GC heap before
{Heap before GC invocations=7 (full 0):
 garbage-first heap   total 262144K, used 177948K [0x00001312efa00000, 0x000013132fa00000)
  region size 1024K, 153 young (156672K), 17 survivors (17408K)
 Metaspace       used 59225K, committed 59968K, reserved 163840K
  class space    used 8562K, committed 8896K, reserved 106496K
}
Event: 60,765 GC heap after
{Heap after GC invocations=8 (full 0):
 garbage-first heap   total 262144K, used 50046K [0x00001312efa00000, 0x000013132fa00000)
  region size 1024K, 20 young (20480K), 20 survivors (20480K)
 Metaspace       used 59225K, committed 59968K, reserved 163840K
  class space    used 8562K, committed 8896K, reserved 106496K
}
Event: 60,786 GC heap before
{Heap before GC invocations=8 (full 0):
 garbage-first heap   total 262144K, used 51070K [0x00001312efa00000, 0x000013132fa00000)
  region size 1024K, 22 young (22528K), 20 survivors (20480K)
 Metaspace       used 59650K, committed 60288K, reserved 163840K
  class space    used 8619K, committed 8896K, reserved 106496K
}
Event: 60,795 GC heap after
{Heap after GC invocations=9 (full 0):
 garbage-first heap   total 262144K, used 51715K [0x00001312efa00000, 0x000013132fa00000)
  region size 1024K, 12 young (12288K), 12 survivors (12288K)
 Metaspace       used 59650K, committed 60288K, reserved 163840K
  class space    used 8619K, committed 8896K, reserved 106496K
}
Event: 76,792 GC heap before
{Heap before GC invocations=10 (full 0):
 garbage-first heap   total 262144K, used 195075K [0x00001312efa00000, 0x000013132fa00000)
  region size 1024K, 153 young (156672K), 12 survivors (12288K)
 Metaspace       used 66563K, committed 67264K, reserved 172032K
  class space    used 9489K, committed 9792K, reserved 106496K
}
Event: 76,800 GC heap after
{Heap after GC invocations=11 (full 0):
 garbage-first heap   total 262144K, used 55495K [0x00001312efa00000, 0x000013132fa00000)
  region size 1024K, 6 young (6144K), 6 survivors (6144K)
 Metaspace       used 66563K, committed 67264K, reserved 172032K
  class space    used 9489K, committed 9792K, reserved 106496K
}
Event: 77,766 GC heap before
{Heap before GC invocations=12 (full 0):
 garbage-first heap   total 262144K, used 203975K [0x00001312efa00000, 0x000013132fa00000)
  region size 1024K, 152 young (155648K), 6 survivors (6144K)
 Metaspace       used 68123K, committed 68864K, reserved 172032K
  class space    used 9688K, committed 9984K, reserved 106496K
}
Event: 77,771 GC heap after
{Heap after GC invocations=13 (full 0):
 garbage-first heap   total 262144K, used 57521K [0x00001312efa00000, 0x000013132fa00000)
  region size 1024K, 8 young (8192K), 8 survivors (8192K)
 Metaspace       used 68123K, committed 68864K, reserved 172032K
  class space    used 9688K, committed 9984K, reserved 106496K
}
Event: 85,372 GC heap before
{Heap before GC invocations=13 (full 0):
 garbage-first heap   total 262144K, used 204977K [0x00001312efa00000, 0x000013132fa00000)
  region size 1024K, 153 young (156672K), 8 survivors (8192K)
 Metaspace       used 72434K, committed 73280K, reserved 172032K
  class space    used 10361K, committed 10752K, reserved 106496K
}
Event: 85,378 GC heap after
{Heap after GC invocations=14 (full 0):
 garbage-first heap   total 262144K, used 61740K [0x00001312efa00000, 0x000013132fa00000)
  region size 1024K, 12 young (12288K), 12 survivors (12288K)
 Metaspace       used 72434K, committed 73280K, reserved 172032K
  class space    used 10361K, committed 10752K, reserved 106496K
}
Event: 1524,432 GC heap before
{Heap before GC invocations=14 (full 0):
 garbage-first heap   total 262144K, used 205100K [0x00001312efa00000, 0x000013132fa00000)
  region size 1024K, 153 young (156672K), 12 survivors (12288K)
 Metaspace       used 75823K, committed 76736K, reserved 180224K
  class space    used 10656K, committed 11072K, reserved 106496K
}
Event: 1524,440 GC heap after
{Heap after GC invocations=15 (full 0):
 garbage-first heap   total 262144K, used 65310K [0x00001312efa00000, 0x000013132fa00000)
  region size 1024K, 13 young (13312K), 13 survivors (13312K)
 Metaspace       used 75823K, committed 76736K, reserved 180224K
  class space    used 10656K, committed 11072K, reserved 106496K
}
Event: 1528,650 GC heap before
{Heap before GC invocations=15 (full 0):
 garbage-first heap   total 262144K, used 208670K [0x00001312efa00000, 0x000013132fa00000)
  region size 1024K, 153 young (156672K), 13 survivors (13312K)
 Metaspace       used 76047K, committed 76992K, reserved 180224K
  class space    used 10665K, committed 11072K, reserved 106496K
}
Event: 1528,657 GC heap after
{Heap after GC invocations=16 (full 0):
 garbage-first heap   total 262144K, used 65705K [0x00001312efa00000, 0x000013132fa00000)
  region size 1024K, 11 young (11264K), 11 survivors (11264K)
 Metaspace       used 76047K, committed 76992K, reserved 180224K
  class space    used 10665K, committed 11072K, reserved 106496K
}
Event: 1732,666 GC heap before
{Heap before GC invocations=16 (full 0):
 garbage-first heap   total 262144K, used 210089K [0x00001312efa00000, 0x000013132fa00000)
  region size 1024K, 153 young (156672K), 11 survivors (11264K)
 Metaspace       used 76607K, committed 77568K, reserved 180224K
  class space    used 10716K, committed 11136K, reserved 106496K
}
Event: 1732,673 GC heap after
{Heap after GC invocations=17 (full 0):
 garbage-first heap   total 262144K, used 67091K [0x00001312efa00000, 0x000013132fa00000)
  region size 1024K, 13 young (13312K), 13 survivors (13312K)
 Metaspace       used 76607K, committed 77568K, reserved 180224K
  class space    used 10716K, committed 11136K, reserved 106496K
}

